    1  cd LINUX_Course_Project
    2  pipreqs .
    3  pip uninstall -y -r requirements.txt 
    4  sudo pip uninstall -y -r requirements.txt 
    5  python3 -m venv myenv
    6  source myenv/bin/activate
    7  pip uninstall -y -r requirements.txt
    8  pip install -r requirements.txt
    9  deactivate
   10  python3 plant_plots.py --plant "flower" --height 50 55 60 70 80 --leaf_count 30 40 50 60 70 --dry_weight 3.0 3.2 3.5 3.7 4.0
   11  cd Work
   12  cd 
   13  cd /home/saar/LINUX_Course_Project/Work
   14  cd Q2
   15  python3 plant_plots.py --plant "flower" --height 50 55 60 70 80 --leaf_count 30 40 50 60 70 --dry_weight 3.0 3.2 3.5 3.7 4.0
   16  mkdir Diagrams_2
   17  mv flower* Diagrams_2/
   18  cd ..
   19  tar -czvf BACKUPS/diagrams_2_$(date +"%Y%m%d_%H%M%S").tar.gz Work/Q2/Diagrams_2/*
   20  git status
   21  git add .
   22  git status
   23  git branch
   24  git checkout BR_Q2
   25  git status
   26  git add .
   27  git status
   28  git commit -m "move flower files and zip"
   29  git checkout master
   30  git merge BR_Q2
   31  git push origin master
   32  git push origin BR_Q2
   33  history > history.log
